update-alternatives 2020-04-03 17:12:42: run with --quiet --install /usr/bin/awk awk /usr/bin/mawk 5 --slave /usr/share/man/man1/awk.1.gz awk.1.gz /usr/share/man/man1/mawk.1.gz --slave /usr/bin/nawk nawk /usr/bin/mawk --slave /usr/share/man/man1/nawk.1.gz nawk.1.gz /usr/share/man/man1/mawk.1.gz
update-alternatives 2020-04-03 17:12:42: link group awk updated to point to /usr/bin/mawk
update-alternatives 2020-04-03 17:12:47: run with --quiet --install /usr/bin/awk awk /usr/bin/mawk 5 --slave /usr/share/man/man1/awk.1.gz awk.1.gz /usr/share/man/man1/mawk.1.gz --slave /usr/bin/nawk nawk /usr/bin/mawk --slave /usr/share/man/man1/nawk.1.gz nawk.1.gz /usr/share/man/man1/mawk.1.gz
update-alternatives 2020-04-03 17:12:47: run with --install /usr/share/man/man7/builtins.7.gz builtins.7.gz /usr/share/man/man7/bash-builtins.7.gz 10
update-alternatives 2020-04-03 17:12:47: link group builtins.7.gz updated to point to /usr/share/man/man7/bash-builtins.7.gz
update-alternatives 2020-04-03 17:12:47: run with --install /usr/sbin/rmt rmt /usr/sbin/rmt-tar 50 --slave /usr/share/man/man8/rmt.8.gz rmt.8.gz /usr/share/man/man8/rmt-tar.8.gz
update-alternatives 2020-04-03 17:12:47: link group rmt updated to point to /usr/sbin/rmt-tar
update-alternatives 2020-04-03 17:12:47: run with --install /usr/bin/pager pager /bin/more 50 --slave /usr/share/man/man1/pager.1.gz pager.1.gz /usr/share/man/man1/more.1.gz
update-alternatives 2020-04-03 17:12:47: link group pager updated to point to /bin/more
update-alternatives 2020-04-03 17:12:47: run with --remove pager /usr/bin/pg
update-alternatives 2020-04-03 17:12:48: run with --install /usr/bin/w w /usr/bin/w.procps 50 --slave /usr/share/man/man1/w.1.gz w.1.gz /usr/share/man/man1/w.procps.1.gz
update-alternatives 2020-04-03 17:12:48: link group w updated to point to /usr/bin/w.procps
update-alternatives 2020-04-03 17:13:31: run with --quiet --install /usr/bin/awk awk /usr/bin/mawk 5 --slave /usr/share/man/man1/awk.1.gz awk.1.gz /usr/share/man/man1/mawk.1.gz --slave /usr/bin/nawk nawk /usr/bin/mawk --slave /usr/share/man/man1/nawk.1.gz nawk.1.gz /usr/share/man/man1/mawk.1.gz
update-alternatives 2020-04-03 17:13:31: auto-repair link group awk
update-alternatives 2020-04-03 17:13:32: run with --remove builtins.7.gz /usr/share/man/man7/bash-builtins.7.gz
update-alternatives 2020-04-03 17:13:32: link group builtins.7.gz fully removed
update-alternatives 2020-04-03 17:13:37: run with --install /usr/sbin/rmt rmt /usr/sbin/rmt-tar 50 --slave /usr/share/man/man8/rmt.8.gz rmt.8.gz /usr/share/man/man8/rmt-tar.8.gz
update-alternatives 2020-04-03 17:13:37: auto-repair link group rmt
update-alternatives 2020-04-03 17:13:47: run with --install /usr/bin/pager pager /bin/more 50 --slave /usr/share/man/man1/pager.1.gz pager.1.gz /usr/share/man/man1/more.1.gz
update-alternatives 2020-04-03 17:13:47: auto-repair link group pager
update-alternatives 2020-04-03 17:13:47: run with --remove pager /usr/bin/pg
update-alternatives 2020-04-03 17:13:54: run with --install /usr/bin/w w /usr/bin/w.procps 50 --slave /usr/share/man/man1/w.1.gz w.1.gz /usr/share/man/man1/w.procps.1.gz
update-alternatives 2020-04-03 17:13:54: auto-repair link group w
update-alternatives 2020-04-03 17:14:05: run with --install /usr/sbin/rmt rmt /usr/sbin/rmt-tar 50 --slave /usr/share/man/man8/rmt.8.gz rmt.8.gz /usr/share/man/man8/rmt-tar.8.gz
update-alternatives 2020-04-03 17:14:06: run with --install /usr/bin/pager pager /bin/more 50 --slave /usr/share/man/man1/pager.1.gz pager.1.gz /usr/share/man/man1/more.1.gz
update-alternatives 2020-04-03 17:14:06: run with --remove pager /usr/bin/pg
update-alternatives 2020-04-03 17:14:10: run with --install /usr/bin/w w /usr/bin/w.procps 50 --slave /usr/share/man/man1/w.1.gz w.1.gz /usr/share/man/man1/w.procps.1.gz
update-alternatives 2020-05-17 10:01:50: run with --quiet --install /usr/bin/pager pager /bin/less 77 --slave /usr/share/man/man1/pager.1.gz pager.1.gz /usr/share/man/man1/less.1.gz
update-alternatives 2020-05-17 10:01:50: link group pager updated to point to /bin/less
update-alternatives 2020-05-17 10:01:50: run with --quiet --remove pager /usr/bin/less
update-alternatives 2020-05-17 10:01:50: run with --quiet --install /usr/bin/pager pager /bin/less 77 --slave /usr/share/man/man1/pager.1.gz pager.1.gz /usr/share/man/man1/less.1.gz
update-alternatives 2020-05-17 10:01:50: run with --quiet --remove pager /usr/bin/less
update-alternatives 2020-05-17 10:01:52: run with --quiet --install /usr/bin/awk awk /usr/bin/gawk 10 --slave /usr/share/man/man1/awk.1.gz awk.1.gz /usr/share/man/man1/gawk.1.gz --slave /usr/bin/nawk nawk /usr/bin/gawk --slave /usr/share/man/man1/nawk.1.gz nawk.1.gz /usr/share/man/man1/gawk.1.gz
update-alternatives 2020-05-17 10:01:52: link group awk updated to point to /usr/bin/gawk
update-alternatives 2020-05-17 10:01:53: run with --install /usr/bin/lzma lzma /usr/bin/xz 20 --slave /usr/share/man/man1/lzma.1.gz lzma.1.gz /usr/share/man/man1/xz.1.gz --slave /usr/bin/unlzma unlzma /usr/bin/unxz --slave /usr/share/man/man1/unlzma.1.gz unlzma.1.gz /usr/share/man/man1/unxz.1.gz --slave /usr/bin/lzcat lzcat /usr/bin/xzcat --slave /usr/share/man/man1/lzcat.1.gz lzcat.1.gz /usr/share/man/man1/xzcat.1.gz --slave /usr/bin/lzmore lzmore /usr/bin/xzmore --slave /usr/share/man/man1/lzmore.1.gz lzmore.1.gz /usr/share/man/man1/xzmore.1.gz --slave /usr/bin/lzless lzless /usr/bin/xzless --slave /usr/share/man/man1/lzless.1.gz lzless.1.gz /usr/share/man/man1/xzless.1.gz --slave /usr/bin/lzdiff lzdiff /usr/bin/xzdiff --slave /usr/share/man/man1/lzdiff.1.gz lzdiff.1.gz /usr/share/man/man1/xzdiff.1.gz --slave /usr/bin/lzcmp lzcmp /usr/bin/xzcmp --slave /usr/share/man/man1/lzcmp.1.gz lzcmp.1.gz /usr/share/man/man1/xzcmp.1.gz --slave /usr/bin/lzgrep lzgrep /usr/bin/xzgrep --slave /usr/share/man/man1/lzgrep.1.gz lzgrep.1.gz /usr/share/man/man1/xzgrep.1.gz --slave /usr/bin/lzegrep lzegrep /usr/bin/xzegrep --slave /usr/share/man/man1/lzegrep.1.gz lzegrep.1.gz /usr/share/man/man1/xzegrep.1.gz --slave /usr/bin/lzfgrep lzfgrep /usr/bin/xzfgrep --slave /usr/share/man/man1/lzfgrep.1.gz lzfgrep.1.gz /usr/share/man/man1/xzfgrep.1.gz
update-alternatives 2020-05-17 10:01:53: link group lzma updated to point to /usr/bin/xz
update-alternatives 2020-05-17 10:02:12: run with --install /usr/bin/traceroute traceroute /usr/bin/traceroute.db 100 --slave /usr/sbin/traceroute traceroute.sbin /usr/bin/traceroute.db --slave /usr/share/man/man1/traceroute.1.gz traceroute.1.gz /usr/share/man/man1/traceroute.db.1.gz
update-alternatives 2020-05-17 10:02:12: link group traceroute updated to point to /usr/bin/traceroute.db
update-alternatives 2020-05-17 10:02:12: run with --install /usr/bin/traceroute6 traceroute6 /usr/bin/traceroute6.db 100 --slave /usr/share/man/man1/traceroute6.1.gz traceroute6.1.gz /usr/share/man/man1/traceroute6.db.1.gz
update-alternatives 2020-05-17 10:02:12: link group traceroute6 updated to point to /usr/bin/traceroute6.db
update-alternatives 2020-05-17 10:02:12: run with --install /usr/bin/lft lft /usr/bin/lft.db 100 --slave /usr/share/man/man1/lft.1.gz lft.1.gz /usr/share/man/man1/lft.db.1.gz
update-alternatives 2020-05-17 10:02:12: link group lft updated to point to /usr/bin/lft.db
update-alternatives 2020-05-17 10:02:12: run with --install /usr/bin/traceproto traceproto /usr/bin/traceproto.db 100 --slave /usr/share/man/man1/traceproto.1.gz traceproto.1.gz /usr/share/man/man1/traceproto.db.1.gz
update-alternatives 2020-05-17 10:02:12: link group traceproto updated to point to /usr/bin/traceproto.db
update-alternatives 2020-05-17 10:02:12: run with --install /usr/sbin/tcptraceroute tcptraceroute /usr/sbin/tcptraceroute.db 100 --slave /usr/share/man/man8/tcptraceroute.8.gz tcptraceroute.8.gz /usr/share/man/man8/tcptraceroute.db.8.gz
update-alternatives 2020-05-17 10:02:12: link group tcptraceroute updated to point to /usr/sbin/tcptraceroute.db
update-alternatives 2020-05-17 10:02:20: run with --install /usr/bin/talk talk /usr/bin/inetutils-talk 100 --slave /usr/share/man/man1/talk.1.gz talk.1.gz /usr/share/man/man1/inetutils-talk.1.gz
update-alternatives 2020-05-17 10:02:20: link group talk updated to point to /usr/bin/inetutils-talk
update-alternatives 2020-05-17 10:02:21: run with --install /usr/bin/traceroute traceroute /usr/bin/inetutils-traceroute 100 --slave /usr/share/man/man1/traceroute.1.gz traceroute.1.gz /usr/share/man/man1/inetutils-traceroute.1.gz
update-alternatives 2020-05-17 10:02:22: run with --install /etc/newt/palette newt-palette /etc/newt/palette.ubuntu 50
update-alternatives 2020-05-17 10:02:22: link group newt-palette updated to point to /etc/newt/palette.ubuntu
update-alternatives 2020-05-17 10:02:22: run with --install /etc/newt/palette newt-palette /etc/newt/palette.original 20
update-alternatives 2020-05-17 10:02:22: run with --install /usr/bin/ftp ftp /usr/bin/inetutils-ftp 100 --slave /usr/bin/pftp pftp /usr/bin/inetutils-ftp --slave /usr/share/man/man1/ftp.1.gz ftp.1.gz /usr/share/man/man1/inetutils-ftp.1.gz --slave /usr/share/man/man1/pftp.1.gz pftp.1.gz /usr/share/man/man1/inetutils-ftp.1.gz --slave /usr/share/man/man5/netrc.5.gz netrc.5.gz /usr/share/man/man5/inetutils-netrc.5.gz
update-alternatives 2020-05-17 10:02:22: link group ftp updated to point to /usr/bin/inetutils-ftp
update-alternatives 2020-05-17 10:02:22: run with --install /usr/bin/telnet telnet /usr/bin/inetutils-telnet 100 --slave /usr/share/man/man1/telnet.1.gz telnet.1.gz /usr/share/man/man1/inetutils-telnet.1.gz
update-alternatives 2020-05-17 10:02:22: link group telnet updated to point to /usr/bin/inetutils-telnet
update-alternatives 2020-05-17 10:02:25: run with --install /usr/bin/vim vim /usr/bin/vim.basic 30
update-alternatives 2020-05-17 10:02:25: link group vim updated to point to /usr/bin/vim.basic
update-alternatives 2020-05-17 10:02:25: run with --install /usr/bin/vimdiff vimdiff /usr/bin/vim.basic 30
update-alternatives 2020-05-17 10:02:25: link group vimdiff updated to point to /usr/bin/vim.basic
update-alternatives 2020-05-17 10:02:25: run with --install /usr/bin/rvim rvim /usr/bin/vim.basic 30
update-alternatives 2020-05-17 10:02:25: link group rvim updated to point to /usr/bin/vim.basic
update-alternatives 2020-05-17 10:02:25: run with --install /usr/bin/rview rview /usr/bin/vim.basic 30
update-alternatives 2020-05-17 10:02:25: link group rview updated to point to /usr/bin/vim.basic
update-alternatives 2020-05-17 10:02:25: run with --install /usr/bin/vi vi /usr/bin/vim.basic 30 --slave /usr/share/man/fr/man1/vi.1.gz vi.fr.1.gz /usr/share/man/fr/man1/vim.1.gz --slave /usr/share/man/it/man1/vi.1.gz vi.it.1.gz /usr/share/man/it/man1/vim.1.gz --slave /usr/share/man/pl/man1/vi.1.gz vi.pl.1.gz /usr/share/man/pl/man1/vim.1.gz --slave /usr/share/man/ru/man1/vi.1.gz vi.ru.1.gz /usr/share/man/ru/man1/vim.1.gz --slave /usr/share/man/ja/man1/vi.1.gz vi.ja.1.gz /usr/share/man/ja/man1/vim.1.gz --slave /usr/share/man/man1/vi.1.gz vi.1.gz /usr/share/man/man1/vim.1.gz
update-alternatives 2020-05-17 10:02:25: link group vi updated to point to /usr/bin/vim.basic
update-alternatives 2020-05-17 10:02:25: run with --install /usr/bin/view view /usr/bin/vim.basic 30 --slave /usr/share/man/fr/man1/view.1.gz view.fr.1.gz /usr/share/man/fr/man1/vim.1.gz --slave /usr/share/man/it/man1/view.1.gz view.it.1.gz /usr/share/man/it/man1/vim.1.gz --slave /usr/share/man/pl/man1/view.1.gz view.pl.1.gz /usr/share/man/pl/man1/vim.1.gz --slave /usr/share/man/ru/man1/view.1.gz view.ru.1.gz /usr/share/man/ru/man1/vim.1.gz --slave /usr/share/man/ja/man1/view.1.gz view.ja.1.gz /usr/share/man/ja/man1/vim.1.gz --slave /usr/share/man/man1/view.1.gz view.1.gz /usr/share/man/man1/vim.1.gz
update-alternatives 2020-05-17 10:02:25: link group view updated to point to /usr/bin/vim.basic
update-alternatives 2020-05-17 10:02:25: run with --install /usr/bin/ex ex /usr/bin/vim.basic 30 --slave /usr/share/man/fr/man1/ex.1.gz ex.fr.1.gz /usr/share/man/fr/man1/vim.1.gz --slave /usr/share/man/it/man1/ex.1.gz ex.it.1.gz /usr/share/man/it/man1/vim.1.gz --slave /usr/share/man/pl/man1/ex.1.gz ex.pl.1.gz /usr/share/man/pl/man1/vim.1.gz --slave /usr/share/man/ru/man1/ex.1.gz ex.ru.1.gz /usr/share/man/ru/man1/vim.1.gz --slave /usr/share/man/ja/man1/ex.1.gz ex.ja.1.gz /usr/share/man/ja/man1/vim.1.gz --slave /usr/share/man/man1/ex.1.gz ex.1.gz /usr/share/man/man1/vim.1.gz
update-alternatives 2020-05-17 10:02:25: link group ex updated to point to /usr/bin/vim.basic
update-alternatives 2020-05-17 10:02:25: run with --install /usr/bin/editor editor /usr/bin/vim.basic 30 --slave /usr/share/man/fr/man1/editor.1.gz editor.fr.1.gz /usr/share/man/fr/man1/vim.1.gz --slave /usr/share/man/it/man1/editor.1.gz editor.it.1.gz /usr/share/man/it/man1/vim.1.gz --slave /usr/share/man/pl/man1/editor.1.gz editor.pl.1.gz /usr/share/man/pl/man1/vim.1.gz --slave /usr/share/man/ru/man1/editor.1.gz editor.ru.1.gz /usr/share/man/ru/man1/vim.1.gz --slave /usr/share/man/ja/man1/editor.1.gz editor.ja.1.gz /usr/share/man/ja/man1/vim.1.gz --slave /usr/share/man/man1/editor.1.gz editor.1.gz /usr/share/man/man1/vim.1.gz
update-alternatives 2020-05-17 10:02:25: link group editor updated to point to /usr/bin/vim.basic
update-alternatives 2020-05-17 10:02:35: run with --quiet --install /usr/bin/rsh rsh /usr/bin/ssh 20 --slave /usr/share/man/man1/rsh.1.gz rsh.1.gz /usr/share/man/man1/ssh.1.gz
update-alternatives 2020-05-17 10:02:35: link group rsh updated to point to /usr/bin/ssh
update-alternatives 2020-05-17 10:02:35: run with --quiet --install /usr/bin/rlogin rlogin /usr/bin/slogin 20 --slave /usr/share/man/man1/rlogin.1.gz rlogin.1.gz /usr/share/man/man1/slogin.1.gz
update-alternatives 2020-05-17 10:02:35: link group rlogin updated to point to /usr/bin/slogin
update-alternatives 2020-05-17 10:02:35: run with --quiet --install /usr/bin/rcp rcp /usr/bin/scp 20 --slave /usr/share/man/man1/rcp.1.gz rcp.1.gz /usr/share/man/man1/scp.1.gz
update-alternatives 2020-05-17 10:02:35: link group rcp updated to point to /usr/bin/scp
update-alternatives 2020-05-21 05:35:42: run with --quiet --install /usr/bin/locate locate /usr/bin/locate.findutils 20 --slave /usr/share/man/man1/locate.1.gz locate.1.gz /usr/share/man/man1/locate.findutils.1.gz --slave /usr/bin/updatedb updatedb /usr/bin/updatedb.findutils --slave /usr/share/man/man1/updatedb.1.gz updatedb.1.gz /usr/share/man/man1/updatedb.findutils.1.gz
update-alternatives 2020-05-21 05:35:42: link group locate updated to point to /usr/bin/locate.findutils
