
Start-Date: 2020-04-03  17:13:29
Commandline: apt-get install --reinstall adduser apt base-files base-passwd bash bsdutils bzip2 coreutils dash debconf debianutils diffutils dpkg e2fsprogs fdisk findutils gcc-8-base:amd64 gpgv grep gzip hostname init-system-helpers libacl1:amd64 libapt-pkg5.0:amd64 libattr1:amd64 libaudit-common libaudit1:amd64 libblkid1:amd64 libbz2-1.0:amd64 libc-bin libc6:amd64 libcap-ng0:amd64 libcom-err2:amd64 libdb5.3:amd64 libdebconfclient0:amd64 libext2fs2:amd64 libfdisk1:amd64 libffi6:amd64 libgcc1:amd64 libgcrypt20:amd64 libgmp10:amd64 libgnutls30:amd64 libgpg-error0:amd64 libhogweed4:amd64 libidn2-0:amd64 liblz4-1:amd64 liblzma5:amd64 libmount1:amd64 libncurses5:amd64 libncursesw5:amd64 libnettle6:amd64 libp11-kit0:amd64 libpam-modules:amd64 libpam-modules-bin libpam-runtime libpam0g:amd64 libpcre3:amd64 libprocps6:amd64 libseccomp2:amd64 libselinux1:amd64 libsemanage-common libsemanage1:amd64 libsepol1:amd64 libsmartcols1:amd64 libss2:amd64 libstdc++6:amd64 libsystemd0:amd64 libtasn1-6:amd64 libtinfo5:amd64 libudev1:amd64 libunistring2:amd64 libuuid1:amd64 libzstd1:amd64 login lsb-base mawk mount ncurses-base ncurses-bin passwd perl-base procps sed sensible-utils sysvinit-utils tar ubuntu-keyring util-linux zlib1g:amd64
Reinstall: libpam0g:amd64 (1.1.8-3.6ubuntu2), debconf:amd64 (1.5.66), fdisk:amd64 (2.31.1-0.4ubuntu3), perl-base:amd64 (5.26.1-6), init-system-helpers:amd64 (1.51), ubuntu-keyring:amd64 (2018.02.28), libseccomp2:amd64 (2.3.1-2.1ubuntu4), diffutils:amd64 (1:3.6-1), libaudit-common:amd64 (1:2.8.2-1ubuntu1), libcom-err2:amd64 (1.44.1-1), libsemanage1:amd64 (2.7-2build2), sysvinit-utils:amd64 (2.88dsf-59.10ubuntu1), libfdisk1:amd64 (2.31.1-0.4ubuntu3), libpam-modules:amd64 (1.1.8-3.6ubuntu2), libsystemd0:amd64 (237-3ubuntu10), base-passwd:amd64 (3.5.44), dash:amd64 (0.5.8-2.10), apt:amd64 (1.6.1), libacl1:amd64 (2.2.52-3build1), libmount1:amd64 (2.31.1-0.4ubuntu3), gcc-8-base:amd64 (8-20180414-1ubuntu2), libbz2-1.0:amd64 (1.0.6-8.1), libgpg-error0:amd64 (1.27-6), e2fsprogs:amd64 (1.44.1-1), zlib1g:amd64 (1:1.2.11.dfsg-0ubuntu2), libgmp10:amd64 (2:6.1.2+dfsg-2), libncurses5:amd64 (6.1-1ubuntu1), libc6:amd64 (2.27-3ubuntu1), util-linux:amd64 (2.31.1-0.4ubuntu3), coreutils:amd64 (8.28-1ubuntu1), libsepol1:amd64 (2.7-1), passwd:amd64 (1:4.5-1ubuntu1), procps:amd64 (2:3.3.12-3ubuntu1), libpam-runtime:amd64 (1.1.8-3.6ubuntu2), libapt-pkg5.0:amd64 (1.6.1), libncursesw5:amd64 (6.1-1ubuntu1), libprocps6:amd64 (2:3.3.12-3ubuntu1), debianutils:amd64 (4.8.4), libudev1:amd64 (237-3ubuntu10), adduser:amd64 (3.116ubuntu1), libgcc1:amd64 (1:8-20180414-1ubuntu2), libss2:amd64 (1.44.1-1), mount:amd64 (2.31.1-0.4ubuntu3), libsemanage-common:amd64 (2.7-2build2), libext2fs2:amd64 (1.44.1-1), libattr1:amd64 (1:2.4.47-2build1), libblkid1:amd64 (2.31.1-0.4ubuntu3), dpkg:amd64 (1.19.0.5ubuntu2), libc-bin:amd64 (2.27-3ubuntu1), libtinfo5:amd64 (6.1-1ubuntu1), libpcre3:amd64 (2:8.39-9), sed:amd64 (4.4-2), tar:amd64 (1.29b-2), mawk:amd64 (1.3.3-17ubuntu3), libuuid1:amd64 (2.31.1-0.4ubuntu3), libgcrypt20:amd64 (1.8.1-4ubuntu1), libselinux1:amd64 (2.7-2build2), liblz4-1:amd64 (0.0~r131-2ubuntu3), gpgv:amd64 (2.2.4-1ubuntu1), libsmartcols1:amd64 (2.31.1-0.4ubuntu3), grep:amd64 (3.1-2), login:amd64 (1:4.5-1ubuntu1), libhogweed4:amd64 (3.4-1), ncurses-bin:amd64 (6.1-1ubuntu1), libpam-modules-bin:amd64 (1.1.8-3.6ubuntu2), libdb5.3:amd64 (5.3.28-13.1ubuntu1), bzip2:amd64 (1.0.6-8.1), bsdutils:amd64 (1:2.31.1-0.4ubuntu3), libnettle6:amd64 (3.4-1), ncurses-base:amd64 (6.1-1ubuntu1), bash:amd64 (4.4.18-2ubuntu1), findutils:amd64 (4.6.0+git+20170828-2), libcap-ng0:amd64 (0.7.7-3.1), libgnutls30:amd64 (3.5.18-1ubuntu1), libffi6:amd64 (3.2.1-8), libunistring2:amd64 (0.9.9-0ubuntu1), libp11-kit0:amd64 (0.23.9-2), libzstd1:amd64 (1.3.3+dfsg-2ubuntu1), lsb-base:amd64 (9.20170808ubuntu1), gzip:amd64 (1.6-5ubuntu1), libtasn1-6:amd64 (4.13-2), liblzma5:amd64 (5.2.2-1.3), libstdc++6:amd64 (8-20180414-1ubuntu2), libidn2-0:amd64 (2.0.4-1.1build2), libaudit1:amd64 (1:2.8.2-1ubuntu1), sensible-utils:amd64 (0.0.12), hostname:amd64 (3.20), libdebconfclient0:amd64 (0.213ubuntu1), base-files:amd64 (10.1ubuntu2)
End-Date: 2020-04-03  17:13:54

Start-Date: 2020-04-03  17:14:02
Commandline: apt-get --yes -oDebug::pkgDepCache::AutoInstall=yes install ubuntu-keyring
Upgrade: ubuntu-keyring:amd64 (2018.02.28, 2018.09.18.1~18.04.0)
End-Date: 2020-04-03  17:14:02

Start-Date: 2020-04-03  17:14:04
Commandline: apt-get --yes -oDebug::pkgDepCache::AutoInstall=yes --force-yes upgrade
Upgrade: libpam0g:amd64 (1.1.8-3.6ubuntu2, 1.1.8-3.6ubuntu2.18.04.1), debconf:amd64 (1.5.66, 1.5.66ubuntu1), fdisk:amd64 (2.31.1-0.4ubuntu3, 2.31.1-0.4ubuntu3.6), perl-base:amd64 (5.26.1-6, 5.26.1-6ubuntu0.3), libseccomp2:amd64 (2.3.1-2.1ubuntu4, 2.4.1-0ubuntu0.18.04.2), libcom-err2:amd64 (1.44.1-1, 1.44.1-1ubuntu1.3), libfdisk1:amd64 (2.31.1-0.4ubuntu3, 2.31.1-0.4ubuntu3.6), libpam-modules:amd64 (1.1.8-3.6ubuntu2, 1.1.8-3.6ubuntu2.18.04.1), libsystemd0:amd64 (237-3ubuntu10, 237-3ubuntu10.39), apt:amd64 (1.6.1, 1.6.12), libmount1:amd64 (2.31.1-0.4ubuntu3, 2.31.1-0.4ubuntu3.6), gcc-8-base:amd64 (8-20180414-1ubuntu2, 8.4.0-1ubuntu1~18.04), libbz2-1.0:amd64 (1.0.6-8.1, 1.0.6-8.1ubuntu0.2), e2fsprogs:amd64 (1.44.1-1, 1.44.1-1ubuntu1.3), libncurses5:amd64 (6.1-1ubuntu1, 6.1-1ubuntu1.18.04), util-linux:amd64 (2.31.1-0.4ubuntu3, 2.31.1-0.4ubuntu3.6), passwd:amd64 (1:4.5-1ubuntu1, 1:4.5-1ubuntu2), procps:amd64 (2:3.3.12-3ubuntu1, 2:3.3.12-3ubuntu1.2), libpam-runtime:amd64 (1.1.8-3.6ubuntu2, 1.1.8-3.6ubuntu2.18.04.1), libapt-pkg5.0:amd64 (1.6.1, 1.6.12), libncursesw5:amd64 (6.1-1ubuntu1, 6.1-1ubuntu1.18.04), libprocps6:amd64 (2:3.3.12-3ubuntu1, 2:3.3.12-3ubuntu1.2), libudev1:amd64 (237-3ubuntu10, 237-3ubuntu10.39), libgcc1:amd64 (1:8-20180414-1ubuntu2, 1:8.4.0-1ubuntu1~18.04), libss2:amd64 (1.44.1-1, 1.44.1-1ubuntu1.3), mount:amd64 (2.31.1-0.4ubuntu3, 2.31.1-0.4ubuntu3.6), libext2fs2:amd64 (1.44.1-1, 1.44.1-1ubuntu1.3), libblkid1:amd64 (2.31.1-0.4ubuntu3, 2.31.1-0.4ubuntu3.6), dpkg:amd64 (1.19.0.5ubuntu2, 1.19.0.5ubuntu2.3), libtinfo5:amd64 (6.1-1ubuntu1, 6.1-1ubuntu1.18.04), tar:amd64 (1.29b-2, 1.29b-2ubuntu0.1), libuuid1:amd64 (2.31.1-0.4ubuntu3, 2.31.1-0.4ubuntu3.6), libgcrypt20:amd64 (1.8.1-4ubuntu1, 1.8.1-4ubuntu1.2), gpgv:amd64 (2.2.4-1ubuntu1, 2.2.4-1ubuntu1.2), libsmartcols1:amd64 (2.31.1-0.4ubuntu3, 2.31.1-0.4ubuntu3.6), grep:amd64 (3.1-2, 3.1-2build1), login:amd64 (1:4.5-1ubuntu1, 1:4.5-1ubuntu2), ncurses-bin:amd64 (6.1-1ubuntu1, 6.1-1ubuntu1.18.04), libpam-modules-bin:amd64 (1.1.8-3.6ubuntu2, 1.1.8-3.6ubuntu2.18.04.1), libdb5.3:amd64 (5.3.28-13.1ubuntu1, 5.3.28-13.1ubuntu1.1), bzip2:amd64 (1.0.6-8.1, 1.0.6-8.1ubuntu0.2), bsdutils:amd64 (1:2.31.1-0.4ubuntu3, 1:2.31.1-0.4ubuntu3.6), ncurses-base:amd64 (6.1-1ubuntu1, 6.1-1ubuntu1.18.04), bash:amd64 (4.4.18-2ubuntu1, 4.4.18-2ubuntu1.2), libgnutls30:amd64 (3.5.18-1ubuntu1, 3.5.18-1ubuntu1.3), libunistring2:amd64 (0.9.9-0ubuntu1, 0.9.9-0ubuntu2), libzstd1:amd64 (1.3.3+dfsg-2ubuntu1, 1.3.3+dfsg-2ubuntu1.1), libstdc++6:amd64 (8-20180414-1ubuntu2, 8.4.0-1ubuntu1~18.04), libidn2-0:amd64 (2.0.4-1.1build2, 2.0.4-1.1ubuntu0.2), base-files:amd64 (10.1ubuntu2, 10.1ubuntu2.8)
End-Date: 2020-04-03  17:14:10

Start-Date: 2020-04-03  17:14:17
End-Date: 2020-04-03  17:14:17

Start-Date: 2020-05-17  10:00:52
Commandline: apt-get install -y openssh-server fail2ban locales net-tools iproute2 curl vim byobu screen whois traceroute inetutils* less
Install: libgssapi3-heimdal:amd64 (7.5.0+dfsg-1, automatic), libxdmcp6:amd64 (1:1.1.2-3, automatic), inetutils-ping:amd64 (2:1.9.4-3), libdevmapper1.02.1:amd64 (2:1.02.145-4.1ubuntu3.18.04.2, automatic), screen:amd64 (4.6.2-1ubuntu1), dmsetup:amd64 (2:1.02.145-4.1ubuntu3.18.04.2, automatic), libkrb5-3:amd64 (1.16-2ubuntu0.1, automatic), libgssapi-krb5-2:amd64 (1.16-2ubuntu0.1, automatic), inetutils-telnet:amd64 (2:1.9.4-3), libpython3.6-minimal:amd64 (3.6.9-1~18.04ubuntu1, automatic), libnghttp2-14:amd64 (1.30.0-1ubuntu1, automatic), libdbus-1-3:amd64 (1.12.2-1ubuntu1.1, automatic), libwind0-heimdal:amd64 (7.5.0+dfsg-1, automatic), networkd-dispatcher:amd64 (1.7-0ubuntu3.3, automatic), publicsuffix:amd64 (20180223.1310-1, automatic), iptables:amd64 (1.6.1-2ubuntu2, automatic), libshishi0:amd64 (1.0.2-6.1, automatic), libsasl2-modules-db:amd64 (2.1.27~101-g0780600+dfsg-3ubuntu2.1, automatic), inetutils-inetd:amd64 (2:1.9.4-3), vim-common:amd64 (2:8.0.1453-1ubuntu1.3, automatic), libcurl4:amd64 (7.58.0-2ubuntu3.8, automatic), libldap-2.4-2:amd64 (2.4.45+dfsg-1ubuntu1.5, automatic), libmpfr6:amd64 (4.0.1-1, automatic), openssl:amd64 (1.1.1-1ubuntu2.1~18.04.5, automatic), libgirepository-1.0-1:amd64 (1.56.1-1, automatic), byobu:amd64 (5.125-0ubuntu1), inetutils-ftpd:amd64 (2:1.9.4-3), libargon2-0:amd64 (0~20161029-1.1, automatic), inetutils-telnetd:amd64 (2:1.9.4-3), whois:amd64 (5.3.0), xdg-user-dirs:amd64 (0.17-1ubuntu1, automatic), libheimntlm0-heimdal:amd64 (7.5.0+dfsg-1, automatic), run-one:amd64 (1.17-0ubuntu1, automatic), python3-systemd:amd64 (234-1build1, automatic), dbus:amd64 (1.12.2-1ubuntu1.1, automatic), libkmod2:amd64 (24-1ubuntu3.3, automatic), libpsl5:amd64 (0.19.1-5build1, automatic), python2.7-minimal:amd64 (2.7.17-1~18.04ubuntu1, automatic), pastebinit:amd64 (1.5-2, automatic), libsqlite3-0:amd64 (3.22.0-1ubuntu0.3, automatic), libpython3.6-stdlib:amd64 (3.6.9-1~18.04ubuntu1, automatic), libicu60:amd64 (60.2-3ubuntu3.1, automatic), libelf1:amd64 (0.170-0.4ubuntu0.1, automatic), python3-urllib3:amd64 (1.22-1ubuntu0.18.04.1, automatic), libbsd0:amd64 (0.8.7-1ubuntu0.1, automatic), libwrap0:amd64 (7.6.q-27, automatic), perl-modules-5.26:amd64 (5.26.1-6ubuntu0.3, automatic), python2.7:amd64 (2.7.17-1~18.04ubuntu1, automatic), libheimbase1-heimdal:amd64 (7.5.0+dfsg-1, automatic), netbase:amd64 (5.4, automatic), libpython3.6:amd64 (3.6.9-1~18.04ubuntu1, automatic), python3.6:amd64 (3.6.9-1~18.04ubuntu1, automatic), fail2ban:amd64 (0.10.2-2), inetutils-talkd:amd64 (2:1.9.4-3), openssh-sftp-server:amd64 (1:7.6p1-4ubuntu0.3, automatic), shishi-common:amd64 (1.0.2-6.1, automatic), python3:amd64 (3.6.7-1~18.04, automatic), gawk:amd64 (1:4.1.4+dfsg-1build1, automatic), libk5crypto3:amd64 (1.16-2ubuntu0.1, automatic), python3-idna:amd64 (2.6-1, automatic), libip6tc0:amd64 (1.6.1-2ubuntu2, automatic), locales:amd64 (2.27-3ubuntu1), inetutils-tools:amd64 (2:1.9.4-3), mime-support:amd64 (3.60ubuntu1, automatic), python3-six:amd64 (1.11.0-2, automatic), libsasl2-2:amd64 (2.1.27~101-g0780600+dfsg-3ubuntu2.1, automatic), readline-common:amd64 (7.0-3, automatic), libmagic1:amd64 (1:5.32-2ubuntu0.4, automatic), python:amd64 (2.7.15~rc1-1, automatic), libmpdec2:amd64 (2.4.2-1ubuntu1, automatic), libx11-6:amd64 (2:1.6.4-3ubuntu0.2, automatic), python3-requests:amd64 (2.18.4-2ubuntu0.1, automatic), libexpat1:amd64 (2.2.5-3ubuntu0.2, automatic), net-tools:amd64 (1.60+git20161116.90da8a0-1ubuntu1), libapparmor1:amd64 (2.12-4ubuntu5.1, automatic), python3-pyinotify:amd64 (0.9.6-1, automatic), krb5-locales:amd64 (1.16-2ubuntu0.1, automatic), libperl5.26:amd64 (5.26.1-6ubuntu0.3, automatic), inetutils-syslogd:amd64 (2:1.9.4-3), python3.6-minimal:amd64 (3.6.9-1~18.04ubuntu1, automatic), libpython-stdlib:amd64 (2.7.15~rc1-1, automatic), libiptc0:amd64 (1.6.1-2ubuntu2, automatic), libnfnetlink0:amd64 (1.0.1-3, automatic), python3-minimal:amd64 (3.6.7-1~18.04, automatic), libxau6:amd64 (1:1.0.8-1, automatic), librtmp1:amd64 (2.4+20151223.gitfa8646d.1-1, automatic), libmagic-mgc:amd64 (1:5.32-2ubuntu0.4, automatic), libsasl2-modules:amd64 (2.1.27~101-g0780600+dfsg-3ubuntu2.1, automatic), gir1.2-glib-2.0:amd64 (1.56.1-1, automatic), libxcb1:amd64 (1.13-2~ubuntu18.04, automatic), libatm1:amd64 (1:2.5.1-2build1, automatic), libkrb5support0:amd64 (1.16-2ubuntu0.1, automatic), libnewt0.52:amd64 (0.52.20-1ubuntu1, automatic), libcap2:amd64 (1:2.25-1.2, automatic), libpython3-stdlib:amd64 (3.6.7-1~18.04, automatic), systemd-sysv:amd64 (237-3ubuntu10.40, automatic), libldap-common:amd64 (2.4.45+dfsg-1ubuntu1.5, automatic), libgdbm5:amd64 (1.14.1-6, automatic), libhcrypto4-heimdal:amd64 (7.5.0+dfsg-1, automatic), tcpd:amd64 (7.6.q-27, automatic), ucf:amd64 (3.0038, automatic), libkeyutils1:amd64 (1.5.9-9.2ubuntu2, automatic), libxmuu1:amd64 (2:1.1.2-2, automatic), vim-runtime:amd64 (2:8.0.1453-1ubuntu1.3, automatic), libnetfilter-conntrack3:amd64 (1.0.6-2, automatic), vim:amd64 (2:8.0.1453-1ubuntu1.3), libpam-systemd:amd64 (237-3ubuntu10.40, automatic), xz-utils:amd64 (5.2.2-1.3, automatic), ncurses-term:amd64 (6.1-1ubuntu1.18.04, automatic), python3-pkg-resources:amd64 (39.0.1-2, automatic), shared-mime-info:amd64 (1.9-2, automatic), systemd:amd64 (237-3ubuntu10.40, automatic), libutempter0:amd64 (1.1.6-3, automatic), xxd:amd64 (2:8.0.1453-1ubuntu1.3, automatic), inetutils-talk:amd64 (2:1.9.4-3), openssh-server:amd64 (1:7.6p1-4ubuntu0.3), libx11-data:amd64 (2:1.6.4-3ubuntu0.2, automatic), iproute2:amd64 (4.15.0-2ubuntu1.1), libfile-copy-recursive-perl:amd64 (0.40-1, automatic), libreadline7:amd64 (7.0-3, automatic), openssh-client:amd64 (1:7.6p1-4ubuntu0.3, automatic), libnss-systemd:amd64 (237-3ubuntu10.40, automatic), python3-dbus:amd64 (1.2.6-1, automatic), inetutils-traceroute:amd64 (2:1.9.4-3), libgpm2:amd64 (1.20.7-5, automatic), libglib2.0-data:amd64 (2.56.4-0ubuntu0.18.04.6, automatic), libxtables12:amd64 (1.6.1-2ubuntu2, automatic), libevent-2.1-6:amd64 (2.1.8-stable-4build1, automatic), libxml2:amd64 (2.9.4+dfsg1-6.1ubuntu1.3, automatic), file:amd64 (1:5.32-2ubuntu0.4, automatic), python3-gi:amd64 (3.26.1-2ubuntu1, automatic), libidn11:amd64 (1.33-2.1ubuntu1.2, automatic), libpython2.7-minimal:amd64 (2.7.17-1~18.04ubuntu1, automatic), multiarch-support:amd64 (2.27-3ubuntu1, automatic), libedit2:amd64 (3.1-20170329-1, automatic), libroken18-heimdal:amd64 (7.5.0+dfsg-1, automatic), ca-certificates:amd64 (20180409, automatic), perl:amd64 (5.26.1-6ubuntu0.3, automatic), xauth:amd64 (1:1.0.10-1, automatic), ssh-import-id:amd64 (5.7-0ubuntu1.1, automatic), libasn1-8-heimdal:amd64 (7.5.0+dfsg-1, automatic), libkrb5-26-heimdal:amd64 (7.5.0+dfsg-1, automatic), wget:amd64 (1.19.4-1ubuntu2.2, automatic), libcryptsetup12:amd64 (2:2.0.2-1ubuntu1.1, automatic), tmux:amd64 (2.6-3ubuntu0.2, automatic), libssl1.1:amd64 (1.1.1-1ubuntu2.1~18.04.5, automatic), libjson-c3:amd64 (0.12.1-1.3ubuntu0.2, automatic), libgdbm-compat4:amd64 (1.14.1-6, automatic), gettext-base:amd64 (0.19.8.1-6ubuntu0.3, automatic), libpython2.7-stdlib:amd64 (2.7.17-1~18.04ubuntu1, automatic), traceroute:amd64 (1:2.1.0-2), curl:amd64 (7.58.0-2ubuntu3.8), libhx509-5-heimdal:amd64 (7.5.0+dfsg-1, automatic), libip4tc0:amd64 (1.6.1-2ubuntu2, automatic), python3-newt:amd64 (0.52.20-1ubuntu1, automatic), python3-certifi:amd64 (2018.1.18-2, automatic), python3-chardet:amd64 (3.0.4-1, automatic), python-minimal:amd64 (2.7.15~rc1-1, automatic), libglib2.0-0:amd64 (2.56.4-0ubuntu0.18.04.6, automatic), less:amd64 (487-0.1), libmnl0:amd64 (1.0.4-2, automatic), update-inetd:amd64 (4.44, automatic), libfribidi0:amd64 (0.19.7-2, automatic), inetutils-ftp:amd64 (2:1.9.4-3), libssl1.0.0:amd64 (1.0.2n-1ubuntu5.3, automatic), libxext6:amd64 (2:1.3.3-1, automatic), libsigsegv2:amd64 (2.12-1, automatic), libslang2:amd64 (2.3.1a-3ubuntu1, automatic)
Upgrade: libsystemd0:amd64 (237-3ubuntu10.39, 237-3ubuntu10.40)
End-Date: 2020-05-17  10:02:53

Start-Date: 2020-05-21  05:31:02
Commandline: apt install sntp
Install: sntp:amd64 (1:4.2.8p10+dfsg-5ubuntu7.1), libopts25:amd64 (1:5.18.12-4, automatic)
End-Date: 2020-05-21  05:31:03

Start-Date: 2020-05-21  05:32:04
Commandline: apt install ntp
Install: ntp:amd64 (1:4.2.8p10+dfsg-5ubuntu7.1), tzdata:amd64 (2019c-0ubuntu0.18.04, automatic)
End-Date: 2020-05-21  05:32:25

Start-Date: 2020-05-21  07:33:09
Commandline: apt remove ntp
Remove: ntp:amd64 (1:4.2.8p10+dfsg-5ubuntu7.1)
End-Date: 2020-05-21  07:33:09

Start-Date: 2020-05-21  07:33:24
Commandline: apt -y install ntp
Install: ntp:amd64 (1:4.2.8p10+dfsg-5ubuntu7.1)
End-Date: 2020-05-21  07:33:26

Start-Date: 2020-05-21  07:33:38
Commandline: apt -y remove ntp
Remove: ntp:amd64 (1:4.2.8p10+dfsg-5ubuntu7.1)
End-Date: 2020-05-21  07:33:39

Start-Date: 2020-05-21  07:34:01
Commandline: apt autoremove
Remove: tzdata:amd64 (2019c-0ubuntu0.18.04)
End-Date: 2020-05-21  07:34:02

Start-Date: 2020-05-21  05:34:45
Commandline: apt -y install ntp
Install: ntp:amd64 (1:4.2.8p10+dfsg-5ubuntu7.1), tzdata:amd64 (2019c-0ubuntu0.18.04, automatic)
End-Date: 2020-05-21  05:34:51

Start-Date: 2020-05-21  07:35:19
Commandline: apt -y remove ntp tzdata
Remove: ntp:amd64 (1:4.2.8p10+dfsg-5ubuntu7.1), tzdata:amd64 (2019c-0ubuntu0.18.04)
End-Date: 2020-05-21  07:35:20

Start-Date: 2020-05-21  05:35:42
Commandline: apt -y install locate
Install: locate:amd64 (4.6.0+git+20170828-2)
End-Date: 2020-05-21  05:35:42

Start-Date: 2020-05-21  05:36:52
Commandline: apt purge tzdata ntp
Purge: ntp:amd64 (), tzdata:amd64 ()
End-Date: 2020-05-21  05:36:54

Start-Date: 2020-05-21  05:41:21
Commandline: apt -y install tzdata
Install: tzdata:amd64 (2019c-0ubuntu0.18.04)
End-Date: 2020-05-21  05:41:28

Start-Date: 2020-05-21  07:41:42
Commandline: apt -y purge tzdata
Purge: tzdata:amd64 (2019c-0ubuntu0.18.04)
End-Date: 2020-05-21  07:41:44

Start-Date: 2020-05-21  05:42:07
Commandline: apt -y install tzdata
Install: tzdata:amd64 (2019c-0ubuntu0.18.04)
End-Date: 2020-05-21  05:42:58

Start-Date: 2020-05-21  07:43:08
Commandline: apt -y purge tzdata
Purge: tzdata:amd64 (2019c-0ubuntu0.18.04)
End-Date: 2020-05-21  07:43:10

Start-Date: 2020-05-21  05:43:26
Commandline: apt-get install -y tzdata
Install: tzdata:amd64 (2019c-0ubuntu0.18.04)
End-Date: 2020-05-21  05:43:28

Start-Date: 2020-05-21  07:44:48
Commandline: apt -y install ntp
Install: ntp:amd64 (1:4.2.8p10+dfsg-5ubuntu7.1)
End-Date: 2020-05-21  07:44:51
